<?xml version="1.0" encoding="UTF-8"?>
<testng-results ignored="0" total="1" passed="1" failed="0" skipped="0">
  <reporter-output>
  </reporter-output>
  <suite started-at="2025-04-11T19:23:48 IST" name="Suite" finished-at="2025-04-11T19:24:05 IST" duration-ms="16905">
    <groups>
    </groups>
    <test started-at="2025-04-11T19:23:48 IST" name="Test" finished-at="2025-04-11T19:24:05 IST" duration-ms="16905">
      <class name="regression.ValidateLoginUsingPOMAndDataProviderUsingExcel">
        <test-method is-config="true" signature="beforeTest()[pri:0, instance:regression.ValidateLoginUsingPOMAndDataProviderUsingExcel@c8c12ac]" started-at="2025-04-11T19:23:48 IST" name="beforeTest" finished-at="2025-04-11T19:23:49 IST" duration-ms="308" status="PASS">
          <reporter-output>
          </reporter-output>
        </test-method> <!-- beforeTest -->
        <test-method is-config="true" signature="initialSetUp(java.lang.reflect.Method)[pri:0, instance:regression.ValidateLoginUsingPOMAndDataProviderUsingExcel@c8c12ac]" started-at="2025-04-11T19:23:50 IST" name="initialSetUp" finished-at="2025-04-11T19:23:59 IST" duration-ms="9060" status="PASS">
          <params>
            <param index="0">
              <value>
                <![CDATA[public void regression.ValidateLoginUsingPOMAndDataProviderUsingExcel.validateLoginTest(java.util.HashMap)]]>
              </value>
            </param>
          </params>
          <reporter-output>
          </reporter-output>
        </test-method> <!-- initialSetUp -->
        <test-method signature="validateLoginTest(java.util.HashMap)[pri:0, instance:regression.ValidateLoginUsingPOMAndDataProviderUsingExcel@c8c12ac]" started-at="2025-04-11T19:23:59 IST" name="validateLoginTest" data-provider="getTestData" finished-at="2025-04-11T19:24:01 IST" duration-ms="2057" status="PASS">
          <params>
            <param index="0">
              <value>
                <![CDATA[{expTitle=Adactin.com - Search Hotel, password=pradeep264, username=pradeep264}]]>
              </value>
            </param>
          </params>
          <reporter-output>
          </reporter-output>
        </test-method> <!-- validateLoginTest -->
        <test-method is-config="true" signature="finalSetUp()[pri:0, instance:regression.ValidateLoginUsingPOMAndDataProviderUsingExcel@c8c12ac]" started-at="2025-04-11T19:24:01 IST" name="finalSetUp" finished-at="2025-04-11T19:24:05 IST" duration-ms="3527" status="PASS">
          <reporter-output>
          </reporter-output>
        </test-method> <!-- finalSetUp -->
        <test-method is-config="true" signature="reportsEnd()[pri:0, instance:regression.ValidateLoginUsingPOMAndDataProviderUsingExcel@c8c12ac]" started-at="2025-04-11T19:24:05 IST" name="reportsEnd" finished-at="2025-04-11T19:24:05 IST" duration-ms="799" status="PASS">
          <reporter-output>
          </reporter-output>
        </test-method> <!-- reportsEnd -->
      </class> <!-- regression.ValidateLoginUsingPOMAndDataProviderUsingExcel -->
    </test> <!-- Test -->
  </suite> <!-- Suite -->
</testng-results>
